[debug] [2021-07-28T07:43:30.531Z] ----------------------------------------------------------------------
[debug] [2021-07-28T07:43:30.533Z] Command:       C:\Program Files\nodejs\node.exe C:\Users\Asus\AppData\Roaming\npm\node_modules\firebase-tools\lib\bin\firebase.js deploy
[debug] [2021-07-28T07:43:30.533Z] CLI Version:   9.16.0
[debug] [2021-07-28T07:43:30.533Z] Platform:      win32
[debug] [2021-07-28T07:43:30.533Z] Node Version:  v16.0.0
[debug] [2021-07-28T07:43:30.540Z] Time:          Wed Jul 28 2021 13:43:30 GMT+0600 (Bangladesh Standard Time)
[debug] [2021-07-28T07:43:30.541Z] ----------------------------------------------------------------------
[debug] 
[debug] [2021-07-28T07:43:30.600Z] > command requires scopes: ["email","openid","https://www.googleapis.com/auth/cloudplatformprojects.readonly","https://www.googleapis.com/auth/firebase","https://www.googleapis.com/auth/cloud-platform"]
[debug] [2021-07-28T07:43:30.601Z] > authorizing via signed-in user (iarafat386@gmail.com)
[debug] [2021-07-28T07:43:30.601Z] [iam] checking project ecomdi-ltd for permissions ["firebase.projects.get","firebasehosting.sites.update"]
[debug] [2021-07-28T07:43:30.603Z] > refreshing access token with scopes: ["email","https://www.googleapis.com/auth/cloud-platform","https://www.googleapis.com/auth/cloudplatformprojects.readonly","https://www.googleapis.com/auth/firebase","openid"]
[debug] [2021-07-28T07:43:30.603Z] >>> HTTP REQUEST POST https://www.googleapis.com/oauth2/v3/token  
 <request body omitted>
[debug] [2021-07-28T07:43:31.132Z] <<< HTTP RESPONSE 200 {"cache-control":"no-cache, no-store, max-age=0, must-revalidate","date":"Wed, 28 Jul 2021 07:43:29 GMT","pragma":"no-cache","expires":"Mon, 01 Jan 1990 00:00:00 GMT","content-type":"application/json; charset=utf-8","vary":"X-Origin, Referer, Origin,Accept-Encoding","server":"scaffolding on HTTPServer2","x-xss-protection":"0","x-frame-options":"SAMEORIGIN","x-content-type-options":"nosniff","alt-svc":"h3=\":443\"; ma=2592000,h3-29=\":443\"; ma=2592000,h3-T051=\":443\"; ma=2592000,h3-Q050=\":443\"; ma=2592000,h3-Q046=\":443\"; ma=2592000,h3-Q043=\":443\"; ma=2592000,quic=\":443\"; ma=2592000; v=\"46,43\"","accept-ranges":"none","transfer-encoding":"chunked"}
[debug] [2021-07-28T07:43:31.147Z] >>> HTTP REQUEST POST https://cloudresourcemanager.googleapis.com/v1/projects/ecomdi-ltd:testIamPermissions  
 {"permissions":["firebase.projects.get","firebasehosting.sites.update"]}
[debug] [2021-07-28T07:43:48.057Z] <<< HTTP RESPONSE 200 {"content-type":"application/json; charset=UTF-8","vary":"X-Origin, Referer, Origin,Accept-Encoding","date":"Wed, 28 Jul 2021 07:43:46 GMT","server":"ESF","cache-control":"private","x-xss-protection":"0","x-frame-options":"SAMEORIGIN","x-content-type-options":"nosniff","server-timing":"gfet4t7; dur=1149","alt-svc":"h3=\":443\"; ma=2592000,h3-29=\":443\"; ma=2592000,h3-T051=\":443\"; ma=2592000,h3-Q050=\":443\"; ma=2592000,h3-Q046=\":443\"; ma=2592000,h3-Q043=\":443\"; ma=2592000,quic=\":443\"; ma=2592000; v=\"46,43\"","accept-ranges":"none","transfer-encoding":"chunked"}
[debug] [2021-07-28T07:43:48.060Z] > refreshing access token with scopes: []
[debug] [2021-07-28T07:43:48.060Z] >>> HTTP REQUEST POST https://www.googleapis.com/oauth2/v3/token  
 <request body omitted>
[debug] [2021-07-28T07:43:48.448Z] <<< HTTP RESPONSE 200 {"date":"Wed, 28 Jul 2021 07:43:46 GMT","expires":"Mon, 01 Jan 1990 00:00:00 GMT","cache-control":"no-cache, no-store, max-age=0, must-revalidate","pragma":"no-cache","content-type":"application/json; charset=utf-8","vary":"X-Origin, Referer, Origin,Accept-Encoding","server":"scaffolding on HTTPServer2","x-xss-protection":"0","x-frame-options":"SAMEORIGIN","x-content-type-options":"nosniff","alt-svc":"h3=\":443\"; ma=2592000,h3-29=\":443\"; ma=2592000,h3-T051=\":443\"; ma=2592000,h3-Q050=\":443\"; ma=2592000,h3-Q046=\":443\"; ma=2592000,h3-Q043=\":443\"; ma=2592000,quic=\":443\"; ma=2592000; v=\"46,43\"","accept-ranges":"none","transfer-encoding":"chunked"}
[debug] [2021-07-28T07:43:48.461Z] >>> [apiv2][query] GET https://firebase.googleapis.com/v1beta1/projects/ecomdi-ltd [none]
[debug] [2021-07-28T07:44:09.501Z] Failed to make request to https://firebase.googleapis.com/v1beta1/projects/ecomdi-ltd
[debug] [2021-07-28T07:44:28.562Z] ----------------------------------------------------------------------
[debug] [2021-07-28T07:44:28.564Z] Command:       C:\Program Files\nodejs\node.exe C:\Users\Asus\AppData\Roaming\npm\node_modules\firebase-tools\lib\bin\firebase.js deploy
[debug] [2021-07-28T07:44:28.564Z] CLI Version:   9.16.0
[debug] [2021-07-28T07:44:28.565Z] Platform:      win32
[debug] [2021-07-28T07:44:28.565Z] Node Version:  v16.0.0
[debug] [2021-07-28T07:44:28.566Z] Time:          Wed Jul 28 2021 13:44:28 GMT+0600 (Bangladesh Standard Time)
[debug] [2021-07-28T07:44:28.566Z] ----------------------------------------------------------------------
[debug] 
[debug] [2021-07-28T07:44:28.619Z] > command requires scopes: ["email","openid","https://www.googleapis.com/auth/cloudplatformprojects.readonly","https://www.googleapis.com/auth/firebase","https://www.googleapis.com/auth/cloud-platform"]
[debug] [2021-07-28T07:44:28.620Z] > authorizing via signed-in user (iarafat386@gmail.com)
[debug] [2021-07-28T07:44:28.620Z] [iam] checking project ecomdi-ltd for permissions ["firebase.projects.get","firebasehosting.sites.update"]
[debug] [2021-07-28T07:44:28.621Z] > refreshing access token with scopes: ["email","https://www.googleapis.com/auth/cloud-platform","https://www.googleapis.com/auth/cloudplatformprojects.readonly","https://www.googleapis.com/auth/firebase","openid"]
[debug] [2021-07-28T07:44:28.622Z] >>> HTTP REQUEST POST https://www.googleapis.com/oauth2/v3/token  
 <request body omitted>
[debug] [2021-07-28T07:44:29.009Z] <<< HTTP RESPONSE 200 {"pragma":"no-cache","cache-control":"no-cache, no-store, max-age=0, must-revalidate","date":"Wed, 28 Jul 2021 07:44:27 GMT","expires":"Mon, 01 Jan 1990 00:00:00 GMT","content-type":"application/json; charset=utf-8","vary":"X-Origin, Referer, Origin,Accept-Encoding","server":"scaffolding on HTTPServer2","x-xss-protection":"0","x-frame-options":"SAMEORIGIN","x-content-type-options":"nosniff","alt-svc":"h3=\":443\"; ma=2592000,h3-29=\":443\"; ma=2592000,h3-T051=\":443\"; ma=2592000,h3-Q050=\":443\"; ma=2592000,h3-Q046=\":443\"; ma=2592000,h3-Q043=\":443\"; ma=2592000,quic=\":443\"; ma=2592000; v=\"46,43\"","accept-ranges":"none","transfer-encoding":"chunked"}
[debug] [2021-07-28T07:44:29.021Z] >>> HTTP REQUEST POST https://cloudresourcemanager.googleapis.com/v1/projects/ecomdi-ltd:testIamPermissions  
 {"permissions":["firebase.projects.get","firebasehosting.sites.update"]}
[debug] [2021-07-28T07:44:45.923Z] <<< HTTP RESPONSE 200 {"content-type":"application/json; charset=UTF-8","vary":"X-Origin, Referer, Origin,Accept-Encoding","date":"Wed, 28 Jul 2021 07:44:43 GMT","server":"ESF","cache-control":"private","x-xss-protection":"0","x-frame-options":"SAMEORIGIN","x-content-type-options":"nosniff","server-timing":"gfet4t7; dur=1152","alt-svc":"h3=\":443\"; ma=2592000,h3-29=\":443\"; ma=2592000,h3-T051=\":443\"; ma=2592000,h3-Q050=\":443\"; ma=2592000,h3-Q046=\":443\"; ma=2592000,h3-Q043=\":443\"; ma=2592000,quic=\":443\"; ma=2592000; v=\"46,43\"","accept-ranges":"none","transfer-encoding":"chunked"}
[debug] [2021-07-28T07:44:45.926Z] > refreshing access token with scopes: []
[debug] [2021-07-28T07:44:45.927Z] >>> HTTP REQUEST POST https://www.googleapis.com/oauth2/v3/token  
 <request body omitted>
[debug] [2021-07-28T07:45:06.935Z] Authentication Error: Your credentials are no longer valid. Please run firebase login --reauth

For CI servers and headless environments, generate a new token with firebase login:ci
[debug] [2021-07-28T07:45:28.480Z] ----------------------------------------------------------------------
[debug] [2021-07-28T07:45:28.482Z] Command:       C:\Program Files\nodejs\node.exe C:\Users\Asus\AppData\Roaming\npm\node_modules\firebase-tools\lib\bin\firebase.js deploy
[debug] [2021-07-28T07:45:28.482Z] CLI Version:   9.16.0
[debug] [2021-07-28T07:45:28.482Z] Platform:      win32
[debug] [2021-07-28T07:45:28.483Z] Node Version:  v16.0.0
[debug] [2021-07-28T07:45:28.483Z] Time:          Wed Jul 28 2021 13:45:28 GMT+0600 (Bangladesh Standard Time)
[debug] [2021-07-28T07:45:28.484Z] ----------------------------------------------------------------------
[debug] 
[debug] [2021-07-28T07:45:28.542Z] > command requires scopes: ["email","openid","https://www.googleapis.com/auth/cloudplatformprojects.readonly","https://www.googleapis.com/auth/firebase","https://www.googleapis.com/auth/cloud-platform"]
[debug] [2021-07-28T07:45:28.542Z] > authorizing via signed-in user (iarafat386@gmail.com)
[debug] [2021-07-28T07:45:28.543Z] [iam] checking project ecomdi-ltd for permissions ["firebase.projects.get","firebasehosting.sites.update"]
[debug] [2021-07-28T07:45:28.544Z] >>> HTTP REQUEST POST https://cloudresourcemanager.googleapis.com/v1/projects/ecomdi-ltd:testIamPermissions  
 {"permissions":["firebase.projects.get","firebasehosting.sites.update"]}
[debug] [2021-07-28T07:45:30.562Z] <<< HTTP RESPONSE 200 {"content-type":"application/json; charset=UTF-8","vary":"X-Origin, Referer, Origin,Accept-Encoding","date":"Wed, 28 Jul 2021 07:45:28 GMT","server":"ESF","cache-control":"private","x-xss-protection":"0","x-frame-options":"SAMEORIGIN","x-content-type-options":"nosniff","server-timing":"gfet4t7; dur=1137","alt-svc":"h3=\":443\"; ma=2592000,h3-29=\":443\"; ma=2592000,h3-T051=\":443\"; ma=2592000,h3-Q050=\":443\"; ma=2592000,h3-Q046=\":443\"; ma=2592000,h3-Q043=\":443\"; ma=2592000,quic=\":443\"; ma=2592000; v=\"46,43\"","accept-ranges":"none","transfer-encoding":"chunked"}
[debug] [2021-07-28T07:45:30.565Z] > refreshing access token with scopes: []
[debug] [2021-07-28T07:45:30.565Z] >>> HTTP REQUEST POST https://www.googleapis.com/oauth2/v3/token  
 <request body omitted>
[debug] [2021-07-28T07:45:46.350Z] <<< HTTP RESPONSE 200 {"date":"Wed, 28 Jul 2021 07:45:44 GMT","expires":"Mon, 01 Jan 1990 00:00:00 GMT","cache-control":"no-cache, no-store, max-age=0, must-revalidate","pragma":"no-cache","content-type":"application/json; charset=utf-8","vary":"X-Origin, Referer, Origin,Accept-Encoding","server":"scaffolding on HTTPServer2","x-xss-protection":"0","x-frame-options":"SAMEORIGIN","x-content-type-options":"nosniff","alt-svc":"h3=\":443\"; ma=2592000,h3-29=\":443\"; ma=2592000,h3-T051=\":443\"; ma=2592000,h3-Q050=\":443\"; ma=2592000,h3-Q046=\":443\"; ma=2592000,h3-Q043=\":443\"; ma=2592000,quic=\":443\"; ma=2592000; v=\"46,43\"","accept-ranges":"none","transfer-encoding":"chunked"}
[debug] [2021-07-28T07:45:46.373Z] >>> [apiv2][query] GET https://firebase.googleapis.com/v1beta1/projects/ecomdi-ltd [none]
[debug] [2021-07-28T07:45:53.303Z] Failed to make request to https://firebase.googleapis.com/v1beta1/projects/ecomdi-ltd
[debug] [2021-07-28T07:46:06.980Z] ----------------------------------------------------------------------
[debug] [2021-07-28T07:46:06.982Z] Command:       C:\Program Files\nodejs\node.exe C:\Users\Asus\AppData\Roaming\npm\node_modules\firebase-tools\lib\bin\firebase.js deploy
[debug] [2021-07-28T07:46:06.983Z] CLI Version:   9.16.0
[debug] [2021-07-28T07:46:06.983Z] Platform:      win32
[debug] [2021-07-28T07:46:06.983Z] Node Version:  v16.0.0
[debug] [2021-07-28T07:46:06.984Z] Time:          Wed Jul 28 2021 13:46:06 GMT+0600 (Bangladesh Standard Time)
[debug] [2021-07-28T07:46:06.984Z] ----------------------------------------------------------------------
[debug] 
[debug] [2021-07-28T07:46:07.054Z] > command requires scopes: ["email","openid","https://www.googleapis.com/auth/cloudplatformprojects.readonly","https://www.googleapis.com/auth/firebase","https://www.googleapis.com/auth/cloud-platform"]
[debug] [2021-07-28T07:46:07.054Z] > authorizing via signed-in user (iarafat386@gmail.com)
[debug] [2021-07-28T07:46:07.054Z] [iam] checking project ecomdi-ltd for permissions ["firebase.projects.get","firebasehosting.sites.update"]
[debug] [2021-07-28T07:46:07.056Z] > refreshing access token with scopes: ["email","https://www.googleapis.com/auth/cloud-platform","https://www.googleapis.com/auth/cloudplatformprojects.readonly","https://www.googleapis.com/auth/firebase","openid"]
[debug] [2021-07-28T07:46:07.056Z] >>> HTTP REQUEST POST https://www.googleapis.com/oauth2/v3/token  
 <request body omitted>
[debug] [2021-07-28T07:46:26.727Z] [iam] error while checking permissions, command may fail: FirebaseError: Authentication Error: Your credentials are no longer valid. Please run firebase login --reauth

For CI servers and headless environments, generate a new token with firebase login:ci
[debug] [2021-07-28T07:46:26.732Z] >>> [apiv2][query] GET https://firebase.googleapis.com/v1beta1/projects/ecomdi-ltd [none]
[debug] [2021-07-28T07:46:26.741Z] Failed to make request to https://firebase.googleapis.com/v1beta1/projects/ecomdi-ltd
[debug] [2021-07-28T07:46:26.756Z] FirebaseError: Failed to make request to https://firebase.googleapis.com/v1beta1/projects/ecomdi-ltd
    at Client.doRequest (C:\Users\Asus\AppData\Roaming\npm\node_modules\firebase-tools\lib\apiv2.js:211:19)
    at processTicksAndRejections (node:internal/process/task_queues:96:5)
    at async Client.request (C:\Users\Asus\AppData\Roaming\npm\node_modules\firebase-tools\lib\apiv2.js:96:20)
    at async Object.getFirebaseProject (C:\Users\Asus\AppData\Roaming\npm\node_modules\firebase-tools\lib\management\projects.js:290:21)
    at async Object.getDefaultHostingSite (C:\Users\Asus\AppData\Roaming\npm\node_modules\firebase-tools\lib\getDefaultHostingSite.js:8:21)
    at async requireHostingSite (C:\Users\Asus\AppData\Roaming\npm\node_modules\firebase-tools\lib\requireHostingSite.js:9:18)
    at async Object.fn (C:\Users\Asus\AppData\Roaming\npm\node_modules\firebase-tools\lib\commands\deploy.js:65:9)
    at async C:\Users\Asus\AppData\Roaming\npm\node_modules\firebase-tools\lib\command.js:169:17
[error] 
[error] Error: Failed to get Firebase project ecomdi-ltd. Please make sure the project exists and your account has permission to access it.
[debug] [2021-07-28T07:46:38.956Z] ----------------------------------------------------------------------
[debug] [2021-07-28T07:46:38.958Z] Command:       C:\Program Files\nodejs\node.exe C:\Users\Asus\AppData\Roaming\npm\node_modules\firebase-tools\lib\bin\firebase.js deploy
[debug] [2021-07-28T07:46:38.958Z] CLI Version:   9.16.0
[debug] [2021-07-28T07:46:38.959Z] Platform:      win32
[debug] [2021-07-28T07:46:38.959Z] Node Version:  v16.0.0
[debug] [2021-07-28T07:46:38.960Z] Time:          Wed Jul 28 2021 13:46:38 GMT+0600 (Bangladesh Standard Time)
[debug] [2021-07-28T07:46:38.960Z] ----------------------------------------------------------------------
[debug] 
[debug] [2021-07-28T07:46:39.038Z] > command requires scopes: ["email","openid","https://www.googleapis.com/auth/cloudplatformprojects.readonly","https://www.googleapis.com/auth/firebase","https://www.googleapis.com/auth/cloud-platform"]
[debug] [2021-07-28T07:46:39.038Z] > authorizing via signed-in user (iarafat386@gmail.com)
[debug] [2021-07-28T07:46:39.038Z] [iam] checking project ecomdi-ltd for permissions ["firebase.projects.get","firebasehosting.sites.update"]
[debug] [2021-07-28T07:46:39.041Z] > refreshing access token with scopes: ["email","https://www.googleapis.com/auth/cloud-platform","https://www.googleapis.com/auth/cloudplatformprojects.readonly","https://www.googleapis.com/auth/firebase","openid"]
[debug] [2021-07-28T07:46:39.041Z] >>> HTTP REQUEST POST https://www.googleapis.com/oauth2/v3/token  
 <request body omitted>
[debug] [2021-07-28T07:47:00.078Z] [iam] error while checking permissions, command may fail: FirebaseError: Authentication Error: Your credentials are no longer valid. Please run firebase login --reauth

For CI servers and headless environments, generate a new token with firebase login:ci
[debug] [2021-07-28T07:47:00.082Z] >>> [apiv2][query] GET https://firebase.googleapis.com/v1beta1/projects/ecomdi-ltd [none]
[debug] [2021-07-28T07:47:21.096Z] Failed to make request to https://firebase.googleapis.com/v1beta1/projects/ecomdi-ltd
